2023-09-14 08:57:53,691 DEBUG Main: Создание Horse, имя [name], скорость [1.0]
2023-09-14 08:57:53,755 DEBUG Main: Создание Horse, имя [name], скорость [1.0]
2023-09-14 08:57:53,768 DEBUG Main: Создание Horse, имя [name], скорость [1.0]
2023-09-14 08:57:53,803 DEBUG Main: Создание Horse, имя [name], скорость [1.0]
2023-09-14 08:57:53,850 DEBUG Main: Создание Horse, имя [name], скорость [1.0E-9]
2023-09-14 08:57:53,878 DEBUG Main: Создание Horse, имя [name], скорость [0.5]
2023-09-14 08:57:53,886 DEBUG Main: Создание Horse, имя [name], скорость [1.7976931348623157E308]
2023-09-14 08:57:53,897 DEBUG Main: Создание Horse, имя [name], скорость [1.0]
2023-09-14 08:57:53,909 DEBUG Main: Создание Horse, имя [}QarU~x48|WX#eq}A8QOFwK2QJ6Wvw|cY#x@w?5ycX~p2Cc@A55W*hp{HueNe3PR], скорость [1.0]
2023-09-14 08:57:53,918 DEBUG Main: Создание Horse, имя [6G2bItQK@u@r1|mNKF5rNeHept5p$4p04e1Bv$2#gVqgmX8W|VPvuHEj5d%2Uk7J], скорость [1.0]
2023-09-14 08:57:53,942 DEBUG Main: Создание Horse, имя [name], скорость [1.0]
2023-09-14 08:57:53,951 DEBUG Main: Создание Horse, имя [name], скорость [1.0]
2023-09-14 08:57:53,958 DEBUG Main: Создание Horse, имя [name], скорость [1.0]
2023-09-14 08:57:53,966 DEBUG Main: Создание Horse, имя [name], скорость [1.0]
2023-09-14 08:57:53,995 ERROR Main: Distance is negative
2023-09-14 08:57:54,009 ERROR Main: Speed is negative
2023-09-14 08:57:54,058 ERROR Main: Name is blank
2023-09-14 08:57:54,059 ERROR Main: Name is blank
2023-09-14 08:57:54,066 ERROR Main: Name is blank
2023-09-14 08:57:54,067 ERROR Main: Name is blank
2023-09-14 08:57:54,073 ERROR Main: Name is blank
2023-09-14 08:57:54,074 ERROR Main: Name is blank
2023-09-14 08:57:54,080 ERROR Main: Name is blank
2023-09-14 08:57:54,081 ERROR Main: Name is blank
2023-09-14 08:57:54,087 ERROR Main: Name is blank
2023-09-14 08:57:54,087 ERROR Main: Name is blank
2023-09-14 08:57:54,093 ERROR Main: Name is blank
2023-09-14 08:57:54,094 ERROR Main: Name is blank
2023-09-14 08:57:54,105 ERROR Main: Name is blank
2023-09-14 08:57:54,106 ERROR Main: Name is blank
2023-09-14 08:57:54,111 ERROR Main: Name is blank
2023-09-14 08:57:54,114 ERROR Main: Name is blank
2023-09-14 08:57:54,120 ERROR Main: Name is blank
2023-09-14 08:57:54,121 ERROR Main: Name is blank
2023-09-14 08:57:54,126 ERROR Main: Name is blank
2023-09-14 08:57:54,127 ERROR Main: Name is blank
2023-09-14 08:57:54,134 ERROR Main: Name is blank
2023-09-14 08:57:54,135 ERROR Main: Name is blank
2023-09-14 08:57:54,140 ERROR Main: Name is blank
2023-09-14 08:57:54,141 ERROR Main: Name is blank
2023-09-14 08:57:54,145 ERROR Main: Name is blank
2023-09-14 08:57:54,146 ERROR Main: Name is blank
2023-09-14 08:57:54,154 ERROR Main: Name is blank
2023-09-14 08:57:54,154 ERROR Main: Name is blank
2023-09-14 08:57:54,158 ERROR Main: Name is blank
2023-09-14 08:57:54,171 ERROR Main: Name is null
